This is pdfTeX, Version 3.141592653-2.6-1.40.22 (TeX Live 2021) (preloaded format=pdflatex 2021.5.12)  25 OCT 2024 11:25
entering extended mode
 \write18 enabled.
 %&-line parsing enabled.
**RL-ICTS-cw1.tex
(./RL-ICTS-cw1.tex
LaTeX2e <2020-10-01> patch level 4
L3 programming layer <2021-02-18>
(/usr/local/texlive/2021/texmf-dist/tex/latex/base/article.cls
Document Class: article 2020/04/10 v1.4m Standard LaTeX document class
(/usr/local/texlive/2021/texmf-dist/tex/latex/base/size11.clo
File: size11.clo 2020/04/10 v1.4m Standard LaTeX file (size option)
)
\c@part=\count179
\c@section=\count180
\c@subsection=\count181
\c@subsubsection=\count182
\c@paragraph=\count183
\c@subparagraph=\count184
\c@figure=\count185
\c@table=\count186
\abovecaptionskip=\skip47
\belowcaptionskip=\skip48
\bibindent=\dimen138
)
(/usr/local/texlive/2021/texmf-dist/tex/latex/microtype/microtype.sty
Package: microtype 2021/03/14 v2.8c Micro-typographical refinements (RS)

(/usr/local/texlive/2021/texmf-dist/tex/latex/graphics/keyval.sty
Package: keyval 2014/10/28 v1.15 key=value parser (DPC)
\KV@toks@=\toks15
)
\MT@toks=\toks16
\MT@count=\count187
LaTeX Info: Redefining \textls on input line 790.
\MT@outer@kern=\dimen139
LaTeX Info: Redefining \textmicrotypecontext on input line 1374.
\MT@listname@count=\count188

(/usr/local/texlive/2021/texmf-dist/tex/latex/microtype/microtype-pdftex.def
File: microtype-pdftex.def 2021/03/14 v2.8c Definitions specific to pdftex (RS)

LaTeX Info: Redefining \lsstyle on input line 915.
LaTeX Info: Redefining \lslig on input line 915.
\MT@outer@space=\skip49
)
Package microtype Info: Loading configuration file microtype.cfg.

(/usr/local/texlive/2021/texmf-dist/tex/latex/microtype/microtype.cfg
File: microtype.cfg 2021/03/14 v2.8c microtype main configuration file (RS)
))
(/usr/local/texlive/texmf-local/tex/latex/hugo/notes/lecght.sty
(/usr/local/texlive/2021/texmf-dist/tex/latex/amsfonts/amssymb.sty
Package: amssymb 2013/01/14 v3.01 AMS font symbols

(/usr/local/texlive/2021/texmf-dist/tex/latex/amsfonts/amsfonts.sty
Package: amsfonts 2013/01/14 v3.01 Basic AMSFonts support
\@emptytoks=\toks17
\symAMSa=\mathgroup4
\symAMSb=\mathgroup5
LaTeX Font Info:    Redeclaring math symbol \hbar on input line 98.
LaTeX Font Info:    Overwriting math alphabet `\mathfrak' in version `bold'
(Font)                  U/euf/m/n --> U/euf/b/n on input line 106.
))
(/usr/local/texlive/2021/texmf-dist/tex/latex/graphics/graphics.sty
Package: graphics 2020/08/30 v1.4c Standard LaTeX Graphics (DPC,SPQR)

(/usr/local/texlive/2021/texmf-dist/tex/latex/graphics/trig.sty
Package: trig 2016/01/03 v1.10 sin cos tan (DPC)
)
(/usr/local/texlive/2021/texmf-dist/tex/latex/graphics-cfg/graphics.cfg
File: graphics.cfg 2016/06/04 v1.11 sample graphics configuration
)
Package graphics Info: Driver file: pdftex.def on input line 105.

(/usr/local/texlive/2021/texmf-dist/tex/latex/graphics-def/pdftex.def
File: pdftex.def 2020/10/05 v1.2a Graphics/color driver for pdftex
))
Package: lecght 
\minute=\count189
\hour=\count190
LaTeX Font Info:    Redeclaring math alphabet \mathbf on input line 55.
LaTeX Font Info:    Overwriting math alphabet `\mathbf' in version `normal'
(Font)                  OT1/cmr/bx/n --> OT1/cmr/bx/it on input line 55.
LaTeX Font Info:    Overwriting math alphabet `\mathbf' in version `bold'
(Font)                  OT1/cmr/bx/n --> OT1/cmr/bx/it on input line 55.
LaTeX Font Info:    Overwriting math alphabet `\mathbf' in version `bold'
(Font)                  OT1/cmr/bx/it --> OT1/cmr/bx/it on input line 56.
)
(/usr/local/texlive/2021/texmf-dist/tex/latex/psnfss/times.sty
Package: times 2020/03/25 PSNFSS-v9.3 (SPQR) 
)
(/usr/local/texlive/texmf-local/tex/latex/mtpro2/mtpro2.sty
Package: mtpro2 2009/1/30 v2.2 MathTimePro II - fixed rbrace problem with strai
ghtbraces and morphedbraces options MathTimePro II - fix bug with z = \backslas
h widetilde{\backslash sum_{x }}MathTimePro II v2 font support (PCTeX/WaS)MathT
imePro II v2.1a Allowed alternate form of I in Math Script Fonts (MS)
LaTeX Font Info:    Trying to load font information for OT1+ptm on input line 8
5.

(/usr/local/texlive/2021/texmf-dist/tex/latex/psnfss/ot1ptm.fd
File: ot1ptm.fd 2001/06/04 font definitions for OT1/ptm.
)
\c@mv@heavy=\count191
Now handling font encoding LMP1 ...
... no UTF-8 mapping file for font encoding LMP1
Now handling font encoding LMP2 ...
... no UTF-8 mapping file for font encoding LMP2
Now handling font encoding LMP3 ...
... no UTF-8 mapping file for font encoding LMP3
LaTeX Font Info:    Redeclaring symbol font `operators' on input line 109.
LaTeX Font Info:    Overwriting symbol font `operators' in version `normal'
(Font)                  OT1/cmr/m/n --> OT1/ptm/m/n on input line 109.
LaTeX Font Info:    Overwriting symbol font `operators' in version `bold'
(Font)                  OT1/cmr/bx/n --> OT1/ptm/m/n on input line 109.
LaTeX Font Info:    Overwriting symbol font `operators' in version `heavy'
(Font)                  OT1/cmr/m/n --> OT1/ptm/m/n on input line 109.
LaTeX Font Info:    Redeclaring symbol font `letters' on input line 110.
LaTeX Font Info:    Encoding `OML' has changed to `LMP1' for symbol font
(Font)              `letters' in the math version `normal' on input line 110.
LaTeX Font Info:    Overwriting symbol font `letters' in version `normal'
(Font)                  OML/cmm/m/it --> LMP1/mtt/m/it on input line 110.
LaTeX Font Info:    Encoding `OML' has changed to `LMP1' for symbol font
(Font)              `letters' in the math version `bold' on input line 110.
LaTeX Font Info:    Overwriting symbol font `letters' in version `bold'
(Font)                  OML/cmm/b/it --> LMP1/mtt/m/it on input line 110.
LaTeX Font Info:    Encoding `OML' has changed to `LMP1' for symbol font
(Font)              `letters' in the math version `heavy' on input line 110.
LaTeX Font Info:    Overwriting symbol font `letters' in version `heavy'
(Font)                  OML/cmm/m/it --> LMP1/mtt/m/it on input line 110.
LaTeX Font Info:    Redeclaring symbol font `symbols' on input line 111.
LaTeX Font Info:    Encoding `OMS' has changed to `LMP2' for symbol font
(Font)              `symbols' in the math version `normal' on input line 111.
LaTeX Font Info:    Overwriting symbol font `symbols' in version `normal'
(Font)                  OMS/cmsy/m/n --> LMP2/mtt/m/n on input line 111.
LaTeX Font Info:    Encoding `OMS' has changed to `LMP2' for symbol font
(Font)              `symbols' in the math version `bold' on input line 111.
LaTeX Font Info:    Overwriting symbol font `symbols' in version `bold'
(Font)                  OMS/cmsy/b/n --> LMP2/mtt/m/n on input line 111.
LaTeX Font Info:    Encoding `OMS' has changed to `LMP2' for symbol font
(Font)              `symbols' in the math version `heavy' on input line 111.
LaTeX Font Info:    Overwriting symbol font `symbols' in version `heavy'
(Font)                  OMS/cmsy/m/n --> LMP2/mtt/m/n on input line 111.
LaTeX Font Info:    Redeclaring symbol font `largesymbols' on input line 112.
LaTeX Font Info:    Encoding `OMX' has changed to `LMP3' for symbol font
(Font)              `largesymbols' in the math version `normal' on input line 1
12.
LaTeX Font Info:    Overwriting symbol font `largesymbols' in version `normal'
(Font)                  OMX/cmex/m/n --> LMP3/mtt/m/n on input line 112.
LaTeX Font Info:    Encoding `OMX' has changed to `LMP3' for symbol font
(Font)              `largesymbols' in the math version `bold' on input line 112
.
LaTeX Font Info:    Overwriting symbol font `largesymbols' in version `bold'
(Font)                  OMX/cmex/m/n --> LMP3/mtt/m/n on input line 112.
LaTeX Font Info:    Encoding `OMX' has changed to `LMP3' for symbol font
(Font)              `largesymbols' in the math version `heavy' on input line 11
2.
LaTeX Font Info:    Overwriting symbol font `largesymbols' in version `heavy'
(Font)                  OMX/cmex/m/n --> LMP3/mtt/m/n on input line 112.
LaTeX Font Info:    Overwriting symbol font `operators' in version `bold'
(Font)                  OT1/ptm/m/n --> OT1/ptm/b/n on input line 114.
LaTeX Font Info:    Overwriting symbol font `letters' in version `bold'
(Font)                  LMP1/mtt/m/it --> LMP1/mtt/b/it on input line 115.
LaTeX Font Info:    Overwriting symbol font `symbols' in version `bold'
(Font)                  LMP2/mtt/m/n --> LMP2/mtt/b/n on input line 116.
LaTeX Font Info:    Overwriting symbol font `largesymbols' in version `bold'
(Font)                  LMP3/mtt/m/n --> LMP3/mtt/b/n on input line 117.
LaTeX Font Info:    Overwriting symbol font `symbols' in version `heavy'
(Font)                  LMP2/mtt/m/n --> LMP2/mtt/eb/n on input line 118.
LaTeX Font Info:    Overwriting symbol font `largesymbols' in version `heavy'
(Font)                  LMP3/mtt/m/n --> LMP3/mtt/eb/n on input line 119.
\pointcount@=\count192
LaTeX Font Info:    Redeclaring math alphabet \mathbf on input line 139.
LaTeX Font Info:    Overwriting math alphabet `\mathbf' in version `normal'
(Font)                  OT1/cmr/bx/it --> OT1/ptm/b/n on input line 139.
LaTeX Font Info:    Overwriting math alphabet `\mathbf' in version `bold'
(Font)                  OT1/cmr/bx/it --> OT1/ptm/b/n on input line 139.
LaTeX Font Info:    Overwriting math alphabet `\mathbf' in version `heavy'
(Font)                  OT1/cmr/bx/n --> OT1/ptm/b/n on input line 139.
LaTeX Font Info:    Redeclaring math alphabet \mathit on input line 140.
LaTeX Font Info:    Overwriting math alphabet `\mathit' in version `normal'
(Font)                  OT1/cmr/m/it --> OT1/ptm/m/it on input line 140.
LaTeX Font Info:    Overwriting math alphabet `\mathit' in version `bold'
(Font)                  OT1/cmr/bx/it --> OT1/ptm/m/it on input line 140.
LaTeX Font Info:    Overwriting math alphabet `\mathit' in version `heavy'
(Font)                  OT1/cmr/m/it --> OT1/ptm/m/it on input line 140.
LaTeX Font Info:    Redeclaring math alphabet \mathsf on input line 141.
LaTeX Font Info:    Overwriting math alphabet `\mathsf' in version `normal'
(Font)                  OT1/cmss/m/n --> OT1/phv/m/n on input line 141.
LaTeX Font Info:    Overwriting math alphabet `\mathsf' in version `bold'
(Font)                  OT1/cmss/bx/n --> OT1/phv/m/n on input line 141.
LaTeX Font Info:    Overwriting math alphabet `\mathsf' in version `heavy'
(Font)                  OT1/cmss/m/n --> OT1/phv/m/n on input line 141.
LaTeX Font Info:    Redeclaring math alphabet \mathtt on input line 142.
LaTeX Font Info:    Overwriting math alphabet `\mathtt' in version `normal'
(Font)                  OT1/cmtt/m/n --> OT1/pcr/m/n on input line 142.
LaTeX Font Info:    Overwriting math alphabet `\mathtt' in version `bold'
(Font)                  OT1/cmtt/m/n --> OT1/pcr/m/n on input line 142.
LaTeX Font Info:    Overwriting math alphabet `\mathtt' in version `heavy'
(Font)                  OT1/cmtt/m/n --> OT1/pcr/m/n on input line 142.
LaTeX Font Info:    Overwriting math alphabet `\mathit' in version `bold'
(Font)                  OT1/ptm/m/it --> OT1/ptm/b/it on input line 143.
LaTeX Font Info:    Overwriting math alphabet `\mathsf' in version `bold'
(Font)                  OT1/phv/m/n --> OT1/phv/b/n on input line 144.
LaTeX Font Info:    Overwriting math alphabet `\mathtt' in version `bold'
(Font)                  OT1/pcr/m/n --> OT1/pcr/b/n on input line 145.
LaTeX Font Info:    Overwriting math alphabet `\mathcal' in version `bold'
(Font)                  OMS/cmsy/m/n --> OMS/cmsy/b/n on input line 189.
LaTeX Font Info:    Redeclaring math symbol \imath on input line 217.
LaTeX Font Info:    Redeclaring math symbol \jmath on input line 218.
LaTeX Font Info:    Overwriting math alphabet `\MTPScript' in version `bold'
(Font)                  U/mt2ms/m/it --> U/mt2ms/b/it on input line 283.
LaTeX Font Info:    Overwriting math alphabet `\MTPFrak' in version `bold'
(Font)                  U/mt2mf/m/n --> U/mt2mf/b/n on input line 287.
LaTeX Font Info:    Redeclaring math symbol \alpha on input line 343.
LaTeX Font Info:    Redeclaring math symbol \beta on input line 344.
LaTeX Font Info:    Redeclaring math symbol \gamma on input line 345.
LaTeX Font Info:    Redeclaring math symbol \delta on input line 346.
LaTeX Font Info:    Redeclaring math symbol \epsilon on input line 347.
LaTeX Font Info:    Redeclaring math symbol \zeta on input line 348.
LaTeX Font Info:    Redeclaring math symbol \eta on input line 349.
LaTeX Font Info:    Redeclaring math symbol \theta on input line 350.
LaTeX Font Info:    Redeclaring math symbol \iota on input line 351.
LaTeX Font Info:    Redeclaring math symbol \kappa on input line 352.
LaTeX Font Info:    Redeclaring math symbol \lambda on input line 353.
LaTeX Font Info:    Redeclaring math symbol \mu on input line 354.
LaTeX Font Info:    Redeclaring math symbol \nu on input line 355.
LaTeX Font Info:    Redeclaring math symbol \xi on input line 356.
LaTeX Font Info:    Redeclaring math symbol \pi on input line 357.
LaTeX Font Info:    Redeclaring math symbol \rho on input line 358.
LaTeX Font Info:    Redeclaring math symbol \sigma on input line 359.
LaTeX Font Info:    Redeclaring math symbol \tau on input line 360.
LaTeX Font Info:    Redeclaring math symbol \upsilon on input line 361.
LaTeX Font Info:    Redeclaring math symbol \phi on input line 362.
LaTeX Font Info:    Redeclaring math symbol \chi on input line 363.
LaTeX Font Info:    Redeclaring math symbol \psi on input line 364.
LaTeX Font Info:    Redeclaring math symbol \omega on input line 365.
LaTeX Font Info:    Redeclaring math symbol \varepsilon on input line 366.
LaTeX Font Info:    Redeclaring math symbol \vartheta on input line 367.
LaTeX Font Info:    Redeclaring math symbol \varpi on input line 368.
LaTeX Font Info:    Redeclaring math symbol \varrho on input line 369.
LaTeX Font Info:    Redeclaring math symbol \varsigma on input line 370.
LaTeX Font Info:    Redeclaring math symbol \varphi on input line 371.
LaTeX Font Info:    Redeclaring math symbol \varkappa on input line 372.
LaTeX Font Info:    Redeclaring math symbol \Delta on input line 396.
LaTeX Font Info:    Redeclaring math symbol \Theta on input line 397.
LaTeX Font Info:    Redeclaring math symbol \Lambda on input line 398.
LaTeX Font Info:    Redeclaring math symbol \Xi on input line 399.
LaTeX Font Info:    Redeclaring math symbol \Pi on input line 400.
LaTeX Font Info:    Redeclaring math symbol \Sigma on input line 401.
LaTeX Font Info:    Redeclaring math symbol \Upsilon on input line 402.
LaTeX Font Info:    Redeclaring math symbol \Phi on input line 403.
LaTeX Font Info:    Redeclaring math symbol \Psi on input line 404.
LaTeX Font Info:    Redeclaring math symbol \Omega on input line 405.
LaTeX Font Info:    Redeclaring math symbol \triangleleft on input line 450.
LaTeX Font Info:    Redeclaring math symbol \triangleright on input line 451.
LaTeX Font Info:    Redeclaring math symbol \ddagger on input line 452.
LaTeX Font Info:    Redeclaring math symbol \dagger on input line 453.
LaTeX Font Info:    Redeclaring math symbol \ldotp on input line 456.
LaTeX Font Info:    Redeclaring math accent \vec on input line 467.
LaTeX Font Info:    Redeclaring math accent \grave on input line 468.
LaTeX Font Info:    Redeclaring math accent \acute on input line 469.
LaTeX Font Info:    Redeclaring math accent \check on input line 470.
LaTeX Font Info:    Redeclaring math accent \breve on input line 471.
LaTeX Font Info:    Redeclaring math accent \bar on input line 472.
LaTeX Font Info:    Redeclaring math accent \hat on input line 473.
LaTeX Font Info:    Redeclaring math accent \dot on input line 474.
LaTeX Font Info:    Redeclaring math accent \tilde on input line 475.
LaTeX Font Info:    Redeclaring math accent \ddot on input line 476.
LaTeX Font Info:    Redeclaring math accent \mathring on input line 477.
LaTeX Font Info:    Redeclaring math symbol \braceld on input line 478.
LaTeX Font Info:    Redeclaring math symbol \bracerd on input line 479.
LaTeX Font Info:    Redeclaring math symbol \bracelu on input line 480.
LaTeX Font Info:    Redeclaring math symbol \braceru on input line 481.
LaTeX Font Info:    Redeclaring math symbol \mathparagraph on input line 482.
LaTeX Font Info:    Redeclaring math symbol \mathsection on input line 483.
LaTeX Font Info:    Redeclaring math symbol \hslash on input line 510.
LaTeX Font Info:    Redeclaring math symbol \digamma on input line 511.
LaTeX Font Info:    Redeclaring math symbol \hbar on input line 543.
\prePbox@=\box47
\Pbox@=\box48
\LRbox@=\box49
\HATbox@=\box50
\TDbox@=\box51
\CHbox@=\box52
\preSbox@=\box53
\Sbox@=\box54
\SQcount@=\count193
\SQRTbox@=\box55
\UPROOT@=\count194
\LEFTROOT@=\count195
\limtype@=\count196
\xlfont@=\count197
\xlposition@=\count198
\xlposition@ii=\count199
\optype@=\count266
\x@count=\count267
\maxXLscripts@=\dimen140
LaTeX Font Info:    Redeclaring symbol font `AMSa' on input line 1286.
LaTeX Font Info:    Overwriting symbol font `AMSa' in version `normal'
(Font)                  U/msa/m/n --> U/mt2sya/m/n on input line 1286.
LaTeX Font Info:    Overwriting symbol font `AMSa' in version `bold'
(Font)                  U/msa/m/n --> U/mt2sya/m/n on input line 1286.
LaTeX Font Info:    Overwriting symbol font `AMSa' in version `heavy'
(Font)                  U/msa/m/n --> U/mt2sya/m/n on input line 1286.
LaTeX Font Info:    Overwriting symbol font `AMSa' in version `bold'
(Font)                  U/mt2sya/m/n --> U/mt2sya/b/n on input line 1287.
LaTeX Font Info:    Overwriting symbol font `AMSa' in version `heavy'
(Font)                  U/mt2sya/m/n --> U/mt2sya/eb/n on input line 1288.
LaTeX Font Info:    Redeclaring math delimiter \ulcorner on input line 1306.
LaTeX Font Info:    Redeclaring math delimiter \urcorner on input line 1307.
LaTeX Font Info:    Redeclaring math delimiter \llcorner on input line 1308.
LaTeX Font Info:    Redeclaring math delimiter \lrcorner on input line 1309.
LaTeX Font Info:    Redeclaring math symbol \dashleftarrow on input line 1310.
LaTeX Font Info:    Redeclaring math symbol \dashrightarrow on input line 1311.

LaTeX Font Info:    Redeclaring math symbol \boxdot on input line 1315.
LaTeX Font Info:    Redeclaring math symbol \boxplus on input line 1316.
LaTeX Font Info:    Redeclaring math symbol \boxtimes on input line 1317.
LaTeX Font Info:    Redeclaring math symbol \square on input line 1318.
LaTeX Font Info:    Redeclaring math symbol \blacksquare on input line 1319.
LaTeX Font Info:    Redeclaring math symbol \centerdot on input line 1320.
LaTeX Font Info:    Redeclaring math symbol \lozenge on input line 1321.
LaTeX Font Info:    Redeclaring math symbol \blacklozenge on input line 1322.
LaTeX Font Info:    Redeclaring math symbol \circlearrowright on input line 132
3.
LaTeX Font Info:    Redeclaring math symbol \circlearrowleft on input line 1324
.
LaTeX Font Info:    Redeclaring math symbol \leftrightharpoons on input line 13
25.
LaTeX Font Info:    Redeclaring math symbol \boxminus on input line 1326.
LaTeX Font Info:    Redeclaring math symbol \Vdash on input line 1327.
LaTeX Font Info:    Redeclaring math symbol \Vvdash on input line 1328.
LaTeX Font Info:    Redeclaring math symbol \vDash on input line 1329.
LaTeX Font Info:    Redeclaring math symbol \twoheadrightarrow on input line 13
30.
LaTeX Font Info:    Redeclaring math symbol \twoheadleftarrow on input line 133
1.
LaTeX Font Info:    Redeclaring math symbol \leftleftarrows on input line 1332.

LaTeX Font Info:    Redeclaring math symbol \rightrightarrows on input line 133
3.
LaTeX Font Info:    Redeclaring math symbol \upuparrows on input line 1334.
LaTeX Font Info:    Redeclaring math symbol \downdownarrows on input line 1335.

LaTeX Font Info:    Redeclaring math symbol \upharpoonright on input line 1336.

LaTeX Font Info:    Redeclaring math symbol \downharpoonright on input line 133
8.
LaTeX Font Info:    Redeclaring math symbol \upharpoonleft on input line 1339.
LaTeX Font Info:    Redeclaring math symbol \downharpoonleft on input line 1340
.
LaTeX Font Info:    Redeclaring math symbol \rightarrowtail on input line 1341.

LaTeX Font Info:    Redeclaring math symbol \leftarrowtail on input line 1342.
LaTeX Font Info:    Redeclaring math symbol \leftrightarrows on input line 1343
.
LaTeX Font Info:    Redeclaring math symbol \rightleftarrows on input line 1344
.
LaTeX Font Info:    Redeclaring math symbol \Lsh on input line 1345.
LaTeX Font Info:    Redeclaring math symbol \Rsh on input line 1346.
LaTeX Font Info:    Redeclaring math symbol \rightsquigarrow on input line 1347
.
LaTeX Font Info:    Redeclaring math symbol \leftrightsquigarrow on input line 
1348.
LaTeX Font Info:    Redeclaring math symbol \looparrowleft on input line 1349.
LaTeX Font Info:    Redeclaring math symbol \looparrowright on input line 1350.

LaTeX Font Info:    Redeclaring math symbol \circeq on input line 1351.
LaTeX Font Info:    Redeclaring math symbol \succsim on input line 1352.
LaTeX Font Info:    Redeclaring math symbol \gtrsim on input line 1353.
LaTeX Font Info:    Redeclaring math symbol \gtrapprox on input line 1354.
LaTeX Font Info:    Redeclaring math symbol \multimap on input line 1355.
LaTeX Font Info:    Redeclaring math symbol \therefore on input line 1356.
LaTeX Font Info:    Redeclaring math symbol \because on input line 1357.
LaTeX Font Info:    Redeclaring math symbol \doteqdot on input line 1358.
LaTeX Font Info:    Redeclaring math symbol \triangleq on input line 1360.
LaTeX Font Info:    Redeclaring math symbol \precsim on input line 1361.
LaTeX Font Info:    Redeclaring math symbol \lesssim on input line 1362.
LaTeX Font Info:    Redeclaring math symbol \lessapprox on input line 1363.
LaTeX Font Info:    Redeclaring math symbol \eqslantless on input line 1364.
LaTeX Font Info:    Redeclaring math symbol \eqslantgtr on input line 1365.
LaTeX Font Info:    Redeclaring math symbol \curlyeqprec on input line 1366.
LaTeX Font Info:    Redeclaring math symbol \curlyeqsucc on input line 1367.
LaTeX Font Info:    Redeclaring math symbol \preccurlyeq on input line 1368.
LaTeX Font Info:    Redeclaring math symbol \leqq on input line 1369.
LaTeX Font Info:    Redeclaring math symbol \leqslant on input line 1370.
LaTeX Font Info:    Redeclaring math symbol \lessgtr on input line 1371.
LaTeX Font Info:    Redeclaring math symbol \backprime on input line 1372.
LaTeX Font Info:    Redeclaring math symbol \risingdotseq on input line 1373.
LaTeX Font Info:    Redeclaring math symbol \fallingdotseq on input line 1374.
LaTeX Font Info:    Redeclaring math symbol \succcurlyeq on input line 1375.
LaTeX Font Info:    Redeclaring math symbol \geqq on input line 1376.
LaTeX Font Info:    Redeclaring math symbol \geqslant on input line 1377.
LaTeX Font Info:    Redeclaring math symbol \gtrless on input line 1378.
LaTeX Font Info:    Redeclaring math symbol \vartriangleright on input line 138
1.
LaTeX Font Info:    Redeclaring math symbol \vartriangleleft on input line 1382
.
LaTeX Font Info:    Redeclaring math symbol \trianglerighteq on input line 1383
.
LaTeX Font Info:    Redeclaring math symbol \trianglelefteq on input line 1384.

LaTeX Font Info:    Redeclaring math symbol \bigstar on input line 1385.
LaTeX Font Info:    Redeclaring math symbol \between on input line 1386.
LaTeX Font Info:    Redeclaring math symbol \blacktriangledown on input line 13
87.
LaTeX Font Info:    Redeclaring math symbol \blacktriangleright on input line 1
388.
LaTeX Font Info:    Redeclaring math symbol \blacktriangleleft on input line 13
89.
LaTeX Font Info:    Redeclaring math symbol \vartriangle on input line 1390.
LaTeX Font Info:    Redeclaring math symbol \blacktriangle on input line 1391.
LaTeX Font Info:    Redeclaring math symbol \triangledown on input line 1392.
LaTeX Font Info:    Redeclaring math symbol \eqcirc on input line 1393.
LaTeX Font Info:    Redeclaring math symbol \lesseqgtr on input line 1394.
LaTeX Font Info:    Redeclaring math symbol \gtreqless on input line 1395.
LaTeX Font Info:    Redeclaring math symbol \lesseqqgtr on input line 1396.
LaTeX Font Info:    Redeclaring math symbol \gtreqqless on input line 1397.
LaTeX Font Info:    Redeclaring math symbol \Rrightarrow on input line 1398.
LaTeX Font Info:    Redeclaring math symbol \Lleftarrow on input line 1399.
LaTeX Font Info:    Redeclaring math symbol \veebar on input line 1400.
LaTeX Font Info:    Redeclaring math symbol \barwedge on input line 1401.
LaTeX Font Info:    Redeclaring math symbol \doublebarwedge on input line 1402.

LaTeX Font Info:    Redeclaring math symbol \measuredangle on input line 1403.
LaTeX Font Info:    Redeclaring math symbol \sphericalangle on input line 1404.

LaTeX Font Info:    Redeclaring math symbol \varpropto on input line 1405.
LaTeX Font Info:    Redeclaring math symbol \smallsmile on input line 1406.
LaTeX Font Info:    Redeclaring math symbol \smallfrown on input line 1407.
LaTeX Font Info:    Redeclaring math symbol \Subset on input line 1408.
LaTeX Font Info:    Redeclaring math symbol \Supset on input line 1409.
LaTeX Font Info:    Redeclaring math symbol \Cup on input line 1410.
LaTeX Font Info:    Redeclaring math symbol \Cap on input line 1412.
LaTeX Font Info:    Redeclaring math symbol \curlywedge on input line 1414.
LaTeX Font Info:    Redeclaring math symbol \curlyvee on input line 1415.
LaTeX Font Info:    Redeclaring math symbol \leftthreetimes on input line 1416.

LaTeX Font Info:    Redeclaring math symbol \rightthreetimes on input line 1417
.
LaTeX Font Info:    Redeclaring math symbol \subseteqq on input line 1418.
LaTeX Font Info:    Redeclaring math symbol \supseteqq on input line 1419.
LaTeX Font Info:    Redeclaring math symbol \bumpeq on input line 1420.
LaTeX Font Info:    Redeclaring math symbol \Bumpeq on input line 1421.
LaTeX Font Info:    Redeclaring math symbol \lll on input line 1422.
LaTeX Font Info:    Redeclaring math symbol \ggg on input line 1424.
LaTeX Font Info:    Redeclaring math symbol \circledS on input line 1426.
LaTeX Font Info:    Redeclaring math symbol \pitchfork on input line 1427.
LaTeX Font Info:    Redeclaring math symbol \dotplus on input line 1428.
LaTeX Font Info:    Redeclaring math symbol \backsim on input line 1429.
LaTeX Font Info:    Redeclaring math symbol \backsimeq on input line 1430.
LaTeX Font Info:    Redeclaring math symbol \complement on input line 1431.
LaTeX Font Info:    Redeclaring math symbol \intercal on input line 1432.
LaTeX Font Info:    Redeclaring math symbol \circledcirc on input line 1433.
LaTeX Font Info:    Redeclaring math symbol \circledast on input line 1434.
LaTeX Font Info:    Redeclaring math symbol \circleddash on input line 1435.
LaTeX Font Info:    Redeclaring math symbol \lvertneqq on input line 1447.
LaTeX Font Info:    Redeclaring math symbol \gvertneqq on input line 1448.
LaTeX Font Info:    Redeclaring math symbol \lneqq on input line 1449.
LaTeX Font Info:    Redeclaring math symbol \gneqq on input line 1450.
LaTeX Font Info:    Redeclaring math symbol \nleqslant on input line 1451.
LaTeX Font Info:    Redeclaring math symbol \ngeqslant on input line 1452.
LaTeX Font Info:    Redeclaring math symbol \lneq on input line 1453.
LaTeX Font Info:    Redeclaring math symbol \gneq on input line 1454.
LaTeX Font Info:    Redeclaring math symbol \npreceq on input line 1455.
LaTeX Font Info:    Redeclaring math symbol \nsucceq on input line 1456.
LaTeX Font Info:    Redeclaring math symbol \precnsim on input line 1457.
LaTeX Font Info:    Redeclaring math symbol \succnsim on input line 1458.
LaTeX Font Info:    Redeclaring math symbol \lnsim on input line 1459.
LaTeX Font Info:    Redeclaring math symbol \gnsim on input line 1460.
LaTeX Font Info:    Redeclaring math symbol \nleqq on input line 1461.
LaTeX Font Info:    Redeclaring math symbol \ngeqq on input line 1462.
LaTeX Font Info:    Redeclaring math symbol \precneqq on input line 1463.
LaTeX Font Info:    Redeclaring math symbol \succneqq on input line 1464.
LaTeX Font Info:    Redeclaring math symbol \precnapprox on input line 1465.
LaTeX Font Info:    Redeclaring math symbol \succnapprox on input line 1466.
LaTeX Font Info:    Redeclaring math symbol \lnapprox on input line 1467.
LaTeX Font Info:    Redeclaring math symbol \gnapprox on input line 1468.
LaTeX Font Info:    Redeclaring math symbol \nsim on input line 1469.
LaTeX Font Info:    Redeclaring math symbol \diagup on input line 1470.
LaTeX Font Info:    Redeclaring math symbol \diagdown on input line 1471.
LaTeX Font Info:    Redeclaring math symbol \varsubsetneq on input line 1472.
LaTeX Font Info:    Redeclaring math symbol \varsupsetneq on input line 1473.
LaTeX Font Info:    Redeclaring math symbol \nsubseteqq on input line 1474.
LaTeX Font Info:    Redeclaring math symbol \nsupseteqq on input line 1475.
LaTeX Font Info:    Redeclaring math symbol \subsetneqq on input line 1476.
LaTeX Font Info:    Redeclaring math symbol \supsetneqq on input line 1477.
LaTeX Font Info:    Redeclaring math symbol \varsubsetneqq on input line 1478.
LaTeX Font Info:    Redeclaring math symbol \varsupsetneqq on input line 1479.
LaTeX Font Info:    Redeclaring math symbol \subsetneq on input line 1480.
LaTeX Font Info:    Redeclaring math symbol \supsetneq on input line 1481.
LaTeX Font Info:    Redeclaring math symbol \nsubseteq on input line 1482.
LaTeX Font Info:    Redeclaring math symbol \nsupseteq on input line 1483.
LaTeX Font Info:    Redeclaring math symbol \nparallel on input line 1484.
LaTeX Font Info:    Redeclaring math symbol \nmid on input line 1485.
LaTeX Font Info:    Redeclaring math symbol \nshortmid on input line 1486.
LaTeX Font Info:    Redeclaring math symbol \nshortparallel on input line 1487.

LaTeX Font Info:    Redeclaring math symbol \nvdash on input line 1488.
LaTeX Font Info:    Redeclaring math symbol \nVdash on input line 1489.
LaTeX Font Info:    Redeclaring math symbol \nvDash on input line 1490.
LaTeX Font Info:    Redeclaring math symbol \nVDash on input line 1491.
LaTeX Font Info:    Redeclaring math symbol \ntrianglerighteq on input line 149
2.
LaTeX Font Info:    Redeclaring math symbol \ntrianglelefteq on input line 1493
.
LaTeX Font Info:    Redeclaring math symbol \ntriangleleft on input line 1494.
LaTeX Font Info:    Redeclaring math symbol \ntriangleright on input line 1495.

LaTeX Font Info:    Redeclaring math symbol \nleftarrow on input line 1496.
LaTeX Font Info:    Redeclaring math symbol \nrightarrow on input line 1497.
LaTeX Font Info:    Redeclaring math symbol \nLeftarrow on input line 1498.
LaTeX Font Info:    Redeclaring math symbol \nRightarrow on input line 1499.
LaTeX Font Info:    Redeclaring math symbol \nLeftrightarrow on input line 1500
.
LaTeX Font Info:    Redeclaring math symbol \nleftrightarrow on input line 1501
.
LaTeX Font Info:    Redeclaring math symbol \divideontimes on input line 1502.
LaTeX Font Info:    Redeclaring math symbol \varnothing on input line 1503.
LaTeX Font Info:    Redeclaring math symbol \nexists on input line 1504.
LaTeX Font Info:    Redeclaring math symbol \Finv on input line 1505.
LaTeX Font Info:    Redeclaring math symbol \Game on input line 1506.
LaTeX Font Info:    Redeclaring math symbol \eth on input line 1508.
LaTeX Font Info:    Redeclaring math symbol \eqsim on input line 1509.
LaTeX Font Info:    Redeclaring math symbol \beth on input line 1510.
LaTeX Font Info:    Redeclaring math symbol \gimel on input line 1511.
LaTeX Font Info:    Redeclaring math symbol \daleth on input line 1512.
LaTeX Font Info:    Redeclaring math symbol \lessdot on input line 1513.
LaTeX Font Info:    Redeclaring math symbol \gtrdot on input line 1514.
LaTeX Font Info:    Redeclaring math symbol \ltimes on input line 1515.
LaTeX Font Info:    Redeclaring math symbol \rtimes on input line 1516.
LaTeX Font Info:    Redeclaring math symbol \shortmid on input line 1517.
LaTeX Font Info:    Redeclaring math symbol \shortparallel on input line 1518.
LaTeX Font Info:    Redeclaring math symbol \thicksim on input line 1520.
LaTeX Font Info:    Redeclaring math symbol \thickapprox on input line 1521.
LaTeX Font Info:    Redeclaring math symbol \approxeq on input line 1522.
LaTeX Font Info:    Redeclaring math symbol \succapprox on input line 1523.
LaTeX Font Info:    Redeclaring math symbol \precapprox on input line 1524.
LaTeX Font Info:    Redeclaring math symbol \curvearrowleft on input line 1525.

LaTeX Font Info:    Redeclaring math symbol \curvearrowright on input line 1526
.
LaTeX Font Info:    Redeclaring math symbol \backepsilon on input line 1528.
)
(/usr/local/texlive/2021/texmf-dist/tex/latex/tools/bm.sty
Package: bm 2019/07/24 v1.2d Bold Symbol Support (DPC/FMi)
\symboldoperators=\mathgroup6
\symboldletters=\mathgroup7
\symboldsymbols=\mathgroup8
\symboldlargesymbols=\mathgroup9
LaTeX Font Info:    Redeclaring math alphabet \mathbf on input line 141.
\symheavysymbols=\mathgroup10
\symheavylargesymbols=\mathgroup11
\symheavyAMSa=\mathgroup12
LaTeX Info: Redefining \bm on input line 209.
)
(/usr/local/texlive/2021/texmf-dist/tex/latex/psnfss/helvet.sty
Package: helvet 2020/03/25 PSNFSS-v9.3 (WaS) 
)
(/usr/local/texlive/2021/texmf-dist/tex/latex/datetime/datetime.sty
Package: datetime 2015/03/20 v2.60 Date Time Package

(/usr/local/texlive/2021/texmf-dist/tex/latex/etoolbox/etoolbox.sty
Package: etoolbox 2020/10/05 v2.5k e-TeX tools for LaTeX (JAW)
\etb@tempcnta=\count268
)
(/usr/local/texlive/2021/texmf-dist/tex/latex/fmtcount/fmtcount.sty
Package: fmtcount 2020/01/30 v3.07

(/usr/local/texlive/2021/texmf-dist/tex/latex/base/ifthen.sty
Package: ifthen 2014/09/29 v1.1c Standard LaTeX ifthen package (DPC)
)
(/usr/local/texlive/2021/texmf-dist/tex/latex/xkeyval/xkeyval.sty
Package: xkeyval 2020/11/20 v2.8 package option processing (HA)

(/usr/local/texlive/2021/texmf-dist/tex/generic/xkeyval/xkeyval.tex
(/usr/local/texlive/2021/texmf-dist/tex/generic/xkeyval/xkvutils.tex
\XKV@toks=\toks18
\XKV@tempa@toks=\toks19
)
\XKV@depth=\count269
File: xkeyval.tex 2014/12/03 v2.7a key=value parser (HA)
))
(/usr/local/texlive/2021/texmf-dist/tex/latex/fmtcount/fcprefix.sty
Package: fcprefix 2012/09/28

(/usr/local/texlive/2021/texmf-dist/tex/latex/fmtcount/fcnumparser.sty
Package: fcnumparser 2017/06/15
\fc@digit@counter=\count270
))
(/usr/local/texlive/2021/texmf-dist/tex/latex/amsmath/amsgen.sty
File: amsgen.sty 1999/11/30 v2.0 generic functions
\@emptytoks=\toks20
\ex@=\dimen141
)
\c@padzeroesN=\count271
\fc@tmpcatcode=\count272
\@DT@modctr=\count273
\@ordinalctr=\count274
\@orgargctr=\count275
\@strctr=\count276
\@tmpstrctr=\count277
\@DT@loopN=\count278
\@DT@X=\count279
)
(/usr/local/texlive/2021/texmf-dist/tex/latex/datetime/datetime-defaults.sty
Package: datetime-defaults 2013/09/10
)
\@day=\count280
\@month=\count281
\@year=\count282
LaTeX Info: Redefining \currenttime on input line 188.
\c@HOUR=\count283
\c@HOURXII=\count284
\c@MINUTE=\count285
\c@TOHOUR=\count286
\c@TOMINUTE=\count287
\c@SECOND=\count288
\currenthour=\count289
\currentminute=\count290
\currentsecond=\count291
Package datetime Info: No datetime.cfg file found, using default settings on in
put line 308.
\@dtctr=\count292
\dayofyear=\count293
\dayofweek=\count294
LaTeX Info: Redefining \today on input line 736.
\dt@a=\toks21
\dt@b=\toks22
)
(/usr/local/texlive/2021/texmf-dist/tex/latex/pgf/frontendlayer/tikz.sty
(/usr/local/texlive/2021/texmf-dist/tex/latex/pgf/basiclayer/pgf.sty
(/usr/local/texlive/2021/texmf-dist/tex/latex/pgf/utilities/pgfrcs.sty
(/usr/local/texlive/2021/texmf-dist/tex/generic/pgf/utilities/pgfutil-common.te
x
\pgfutil@everybye=\toks23
\pgfutil@tempdima=\dimen142
\pgfutil@tempdimb=\dimen143

(/usr/local/texlive/2021/texmf-dist/tex/generic/pgf/utilities/pgfutil-common-li
sts.tex))
(/usr/local/texlive/2021/texmf-dist/tex/generic/pgf/utilities/pgfutil-latex.def
\pgfutil@abb=\box56
) (/usr/local/texlive/2021/texmf-dist/tex/generic/pgf/utilities/pgfrcs.code.tex
(/usr/local/texlive/2021/texmf-dist/tex/generic/pgf/pgf.revision.tex)
Package: pgfrcs 2020/12/27 v3.1.8b (3.1.8b)
))
Package: pgf 2020/12/27 v3.1.8b (3.1.8b)

(/usr/local/texlive/2021/texmf-dist/tex/latex/pgf/basiclayer/pgfcore.sty
(/usr/local/texlive/2021/texmf-dist/tex/latex/graphics/graphicx.sty
Package: graphicx 2020/09/09 v1.2b Enhanced LaTeX Graphics (DPC,SPQR)
\Gin@req@height=\dimen144
\Gin@req@width=\dimen145
)
(/usr/local/texlive/2021/texmf-dist/tex/latex/pgf/systemlayer/pgfsys.sty
(/usr/local/texlive/2021/texmf-dist/tex/generic/pgf/systemlayer/pgfsys.code.tex
Package: pgfsys 2020/12/27 v3.1.8b (3.1.8b)
(/usr/local/texlive/2021/texmf-dist/tex/generic/pgf/utilities/pgfkeys.code.tex
\pgfkeys@pathtoks=\toks24
\pgfkeys@temptoks=\toks25

(/usr/local/texlive/2021/texmf-dist/tex/generic/pgf/utilities/pgfkeysfiltered.c
ode.tex
\pgfkeys@tmptoks=\toks26
))
\pgf@x=\dimen146
\pgf@y=\dimen147
\pgf@xa=\dimen148
\pgf@ya=\dimen149
\pgf@xb=\dimen150
\pgf@yb=\dimen151
\pgf@xc=\dimen152
\pgf@yc=\dimen153
\pgf@xd=\dimen154
\pgf@yd=\dimen155
\w@pgf@writea=\write3
\r@pgf@reada=\read2
\c@pgf@counta=\count295
\c@pgf@countb=\count296
\c@pgf@countc=\count297
\c@pgf@countd=\count298
\t@pgf@toka=\toks27
\t@pgf@tokb=\toks28
\t@pgf@tokc=\toks29
\pgf@sys@id@count=\count299

(/usr/local/texlive/2021/texmf-dist/tex/generic/pgf/systemlayer/pgf.cfg
File: pgf.cfg 2020/12/27 v3.1.8b (3.1.8b)
)
Driver file for pgf: pgfsys-pdftex.def

(/usr/local/texlive/2021/texmf-dist/tex/generic/pgf/systemlayer/pgfsys-pdftex.d
ef
File: pgfsys-pdftex.def 2020/12/27 v3.1.8b (3.1.8b)

(/usr/local/texlive/2021/texmf-dist/tex/generic/pgf/systemlayer/pgfsys-common-p
df.def
File: pgfsys-common-pdf.def 2020/12/27 v3.1.8b (3.1.8b)
)))
(/usr/local/texlive/2021/texmf-dist/tex/generic/pgf/systemlayer/pgfsyssoftpath.
code.tex
File: pgfsyssoftpath.code.tex 2020/12/27 v3.1.8b (3.1.8b)
\pgfsyssoftpath@smallbuffer@items=\count300
\pgfsyssoftpath@bigbuffer@items=\count301
)
(/usr/local/texlive/2021/texmf-dist/tex/generic/pgf/systemlayer/pgfsysprotocol.
code.tex
File: pgfsysprotocol.code.tex 2020/12/27 v3.1.8b (3.1.8b)
)) (/usr/local/texlive/2021/texmf-dist/tex/latex/xcolor/xcolor.sty
Package: xcolor 2016/05/11 v2.12 LaTeX color extensions (UK)

(/usr/local/texlive/2021/texmf-dist/tex/latex/graphics-cfg/color.cfg
File: color.cfg 2016/01/02 v1.6 sample color configuration
)
Package xcolor Info: Driver file: pdftex.def on input line 225.
Package xcolor Info: Model `cmy' substituted by `cmy0' on input line 1348.
Package xcolor Info: Model `hsb' substituted by `rgb' on input line 1352.
Package xcolor Info: Model `RGB' extended on input line 1364.
Package xcolor Info: Model `HTML' substituted by `rgb' on input line 1366.
Package xcolor Info: Model `Hsb' substituted by `hsb' on input line 1367.
Package xcolor Info: Model `tHsb' substituted by `hsb' on input line 1368.
Package xcolor Info: Model `HSB' substituted by `hsb' on input line 1369.
Package xcolor Info: Model `Gray' substituted by `gray' on input line 1370.
Package xcolor Info: Model `wave' substituted by `hsb' on input line 1371.
)
(/usr/local/texlive/2021/texmf-dist/tex/generic/pgf/basiclayer/pgfcore.code.tex
Package: pgfcore 2020/12/27 v3.1.8b (3.1.8b)
(/usr/local/texlive/2021/texmf-dist/tex/generic/pgf/math/pgfmath.code.tex
(/usr/local/texlive/2021/texmf-dist/tex/generic/pgf/math/pgfmathcalc.code.tex
(/usr/local/texlive/2021/texmf-dist/tex/generic/pgf/math/pgfmathutil.code.tex)
(/usr/local/texlive/2021/texmf-dist/tex/generic/pgf/math/pgfmathparser.code.tex
\pgfmath@dimen=\dimen156
\pgfmath@count=\count302
\pgfmath@box=\box57
\pgfmath@toks=\toks30
\pgfmath@stack@operand=\toks31
\pgfmath@stack@operation=\toks32
)
(/usr/local/texlive/2021/texmf-dist/tex/generic/pgf/math/pgfmathfunctions.code.
tex
(/usr/local/texlive/2021/texmf-dist/tex/generic/pgf/math/pgfmathfunctions.basic
.code.tex)
(/usr/local/texlive/2021/texmf-dist/tex/generic/pgf/math/pgfmathfunctions.trigo
nometric.code.tex)
(/usr/local/texlive/2021/texmf-dist/tex/generic/pgf/math/pgfmathfunctions.rando
m.code.tex)
(/usr/local/texlive/2021/texmf-dist/tex/generic/pgf/math/pgfmathfunctions.compa
rison.code.tex)
(/usr/local/texlive/2021/texmf-dist/tex/generic/pgf/math/pgfmathfunctions.base.
code.tex)
(/usr/local/texlive/2021/texmf-dist/tex/generic/pgf/math/pgfmathfunctions.round
.code.tex)
(/usr/local/texlive/2021/texmf-dist/tex/generic/pgf/math/pgfmathfunctions.misc.
code.tex)
(/usr/local/texlive/2021/texmf-dist/tex/generic/pgf/math/pgfmathfunctions.integ
erarithmetics.code.tex)))
(/usr/local/texlive/2021/texmf-dist/tex/generic/pgf/math/pgfmathfloat.code.tex
\c@pgfmathroundto@lastzeros=\count303
)) (/usr/local/texlive/2021/texmf-dist/tex/generic/pgf/math/pgfint.code.tex)
(/usr/local/texlive/2021/texmf-dist/tex/generic/pgf/basiclayer/pgfcorepoints.co
de.tex
File: pgfcorepoints.code.tex 2020/12/27 v3.1.8b (3.1.8b)
\pgf@picminx=\dimen157
\pgf@picmaxx=\dimen158
\pgf@picminy=\dimen159
\pgf@picmaxy=\dimen160
\pgf@pathminx=\dimen161
\pgf@pathmaxx=\dimen162
\pgf@pathminy=\dimen163
\pgf@pathmaxy=\dimen164
\pgf@xx=\dimen165
\pgf@xy=\dimen166
\pgf@yx=\dimen167
\pgf@yy=\dimen168
\pgf@zx=\dimen169
\pgf@zy=\dimen170
)
(/usr/local/texlive/2021/texmf-dist/tex/generic/pgf/basiclayer/pgfcorepathconst
ruct.code.tex
File: pgfcorepathconstruct.code.tex 2020/12/27 v3.1.8b (3.1.8b)
\pgf@path@lastx=\dimen171
\pgf@path@lasty=\dimen172
)
(/usr/local/texlive/2021/texmf-dist/tex/generic/pgf/basiclayer/pgfcorepathusage
.code.tex
File: pgfcorepathusage.code.tex 2020/12/27 v3.1.8b (3.1.8b)
\pgf@shorten@end@additional=\dimen173
\pgf@shorten@start@additional=\dimen174
)
(/usr/local/texlive/2021/texmf-dist/tex/generic/pgf/basiclayer/pgfcorescopes.co
de.tex
File: pgfcorescopes.code.tex 2020/12/27 v3.1.8b (3.1.8b)
\pgfpic=\box58
\pgf@hbox=\box59
\pgf@layerbox@main=\box60
\pgf@picture@serial@count=\count304
)
(/usr/local/texlive/2021/texmf-dist/tex/generic/pgf/basiclayer/pgfcoregraphicst
ate.code.tex
File: pgfcoregraphicstate.code.tex 2020/12/27 v3.1.8b (3.1.8b)
\pgflinewidth=\dimen175
)
(/usr/local/texlive/2021/texmf-dist/tex/generic/pgf/basiclayer/pgfcoretransform
ations.code.tex
File: pgfcoretransformations.code.tex 2020/12/27 v3.1.8b (3.1.8b)
\pgf@pt@x=\dimen176
\pgf@pt@y=\dimen177
\pgf@pt@temp=\dimen178
)
(/usr/local/texlive/2021/texmf-dist/tex/generic/pgf/basiclayer/pgfcorequick.cod
e.tex
File: pgfcorequick.code.tex 2020/12/27 v3.1.8b (3.1.8b)
)
(/usr/local/texlive/2021/texmf-dist/tex/generic/pgf/basiclayer/pgfcoreobjects.c
ode.tex
File: pgfcoreobjects.code.tex 2020/12/27 v3.1.8b (3.1.8b)
)
(/usr/local/texlive/2021/texmf-dist/tex/generic/pgf/basiclayer/pgfcorepathproce
ssing.code.tex
File: pgfcorepathprocessing.code.tex 2020/12/27 v3.1.8b (3.1.8b)
)
(/usr/local/texlive/2021/texmf-dist/tex/generic/pgf/basiclayer/pgfcorearrows.co
de.tex
File: pgfcorearrows.code.tex 2020/12/27 v3.1.8b (3.1.8b)
\pgfarrowsep=\dimen179
)
(/usr/local/texlive/2021/texmf-dist/tex/generic/pgf/basiclayer/pgfcoreshade.cod
e.tex
File: pgfcoreshade.code.tex 2020/12/27 v3.1.8b (3.1.8b)
\pgf@max=\dimen180
\pgf@sys@shading@range@num=\count305
\pgf@shadingcount=\count306
)
(/usr/local/texlive/2021/texmf-dist/tex/generic/pgf/basiclayer/pgfcoreimage.cod
e.tex
File: pgfcoreimage.code.tex 2020/12/27 v3.1.8b (3.1.8b)

(/usr/local/texlive/2021/texmf-dist/tex/generic/pgf/basiclayer/pgfcoreexternal.
code.tex
File: pgfcoreexternal.code.tex 2020/12/27 v3.1.8b (3.1.8b)
\pgfexternal@startupbox=\box61
))
(/usr/local/texlive/2021/texmf-dist/tex/generic/pgf/basiclayer/pgfcorelayers.co
de.tex
File: pgfcorelayers.code.tex 2020/12/27 v3.1.8b (3.1.8b)
)
(/usr/local/texlive/2021/texmf-dist/tex/generic/pgf/basiclayer/pgfcoretranspare
ncy.code.tex
File: pgfcoretransparency.code.tex 2020/12/27 v3.1.8b (3.1.8b)
)
(/usr/local/texlive/2021/texmf-dist/tex/generic/pgf/basiclayer/pgfcorepatterns.
code.tex
File: pgfcorepatterns.code.tex 2020/12/27 v3.1.8b (3.1.8b)
)
(/usr/local/texlive/2021/texmf-dist/tex/generic/pgf/basiclayer/pgfcorerdf.code.
tex
File: pgfcorerdf.code.tex 2020/12/27 v3.1.8b (3.1.8b)
)))
(/usr/local/texlive/2021/texmf-dist/tex/generic/pgf/modules/pgfmoduleshapes.cod
e.tex
File: pgfmoduleshapes.code.tex 2020/12/27 v3.1.8b (3.1.8b)
\pgfnodeparttextbox=\box62
)
(/usr/local/texlive/2021/texmf-dist/tex/generic/pgf/modules/pgfmoduleplot.code.
tex
File: pgfmoduleplot.code.tex 2020/12/27 v3.1.8b (3.1.8b)
)
(/usr/local/texlive/2021/texmf-dist/tex/latex/pgf/compatibility/pgfcomp-version
-0-65.sty
Package: pgfcomp-version-0-65 2020/12/27 v3.1.8b (3.1.8b)
\pgf@nodesepstart=\dimen181
\pgf@nodesepend=\dimen182
)
(/usr/local/texlive/2021/texmf-dist/tex/latex/pgf/compatibility/pgfcomp-version
-1-18.sty
Package: pgfcomp-version-1-18 2020/12/27 v3.1.8b (3.1.8b)
))
(/usr/local/texlive/2021/texmf-dist/tex/latex/pgf/utilities/pgffor.sty
(/usr/local/texlive/2021/texmf-dist/tex/latex/pgf/utilities/pgfkeys.sty
(/usr/local/texlive/2021/texmf-dist/tex/generic/pgf/utilities/pgfkeys.code.tex)
) (/usr/local/texlive/2021/texmf-dist/tex/latex/pgf/math/pgfmath.sty
(/usr/local/texlive/2021/texmf-dist/tex/generic/pgf/math/pgfmath.code.tex))
(/usr/local/texlive/2021/texmf-dist/tex/generic/pgf/utilities/pgffor.code.tex
Package: pgffor 2020/12/27 v3.1.8b (3.1.8b)

(/usr/local/texlive/2021/texmf-dist/tex/generic/pgf/math/pgfmath.code.tex)
\pgffor@iter=\dimen183
\pgffor@skip=\dimen184
\pgffor@stack=\toks33
\pgffor@toks=\toks34
))
(/usr/local/texlive/2021/texmf-dist/tex/generic/pgf/frontendlayer/tikz/tikz.cod
e.tex
Package: tikz 2020/12/27 v3.1.8b (3.1.8b)

(/usr/local/texlive/2021/texmf-dist/tex/generic/pgf/libraries/pgflibraryplothan
dlers.code.tex
File: pgflibraryplothandlers.code.tex 2020/12/27 v3.1.8b (3.1.8b)
\pgf@plot@mark@count=\count307
\pgfplotmarksize=\dimen185
)
\tikz@lastx=\dimen186
\tikz@lasty=\dimen187
\tikz@lastxsaved=\dimen188
\tikz@lastysaved=\dimen189
\tikz@lastmovetox=\dimen190
\tikz@lastmovetoy=\dimen191
\tikzleveldistance=\dimen192
\tikzsiblingdistance=\dimen193
\tikz@figbox=\box63
\tikz@figbox@bg=\box64
\tikz@tempbox=\box65
\tikz@tempbox@bg=\box66
\tikztreelevel=\count308
\tikznumberofchildren=\count309
\tikznumberofcurrentchild=\count310
\tikz@fig@count=\count311

(/usr/local/texlive/2021/texmf-dist/tex/generic/pgf/modules/pgfmodulematrix.cod
e.tex
File: pgfmodulematrix.code.tex 2020/12/27 v3.1.8b (3.1.8b)
\pgfmatrixcurrentrow=\count312
\pgfmatrixcurrentcolumn=\count313
\pgf@matrix@numberofcolumns=\count314
)
\tikz@expandcount=\count315

(/usr/local/texlive/2021/texmf-dist/tex/generic/pgf/frontendlayer/tikz/librarie
s/tikzlibrarytopaths.code.tex
File: tikzlibrarytopaths.code.tex 2020/12/27 v3.1.8b (3.1.8b)
)))
(/usr/local/texlive/2021/texmf-dist/tex/latex/tools/enumerate.sty
Package: enumerate 2015/07/23 v3.00 enumerate extensions (DPC)
\@enLab=\toks35
)
(/usr/local/texlive/2021/texmf-dist/tex/latex/l3backend/l3backend-pdftex.def
File: l3backend-pdftex.def 2021-03-18 L3 backend support: PDF output (pdfTeX)
\l__color_backend_stack_int=\count316
\l__pdf_internal_box=\box67
)
(./RL-ICTS-cw1.aux)
\openout1 = `RL-ICTS-cw1.aux'.

LaTeX Font Info:    Checking defaults for OML/cmm/m/it on input line 32.
LaTeX Font Info:    ... okay on input line 32.
LaTeX Font Info:    Checking defaults for OMS/cmsy/m/n on input line 32.
LaTeX Font Info:    ... okay on input line 32.
LaTeX Font Info:    Checking defaults for OT1/cmr/m/n on input line 32.
LaTeX Font Info:    ... okay on input line 32.
LaTeX Font Info:    Checking defaults for T1/cmr/m/n on input line 32.
LaTeX Font Info:    ... okay on input line 32.
LaTeX Font Info:    Checking defaults for TS1/cmr/m/n on input line 32.
LaTeX Font Info:    ... okay on input line 32.
LaTeX Font Info:    Checking defaults for OMX/cmex/m/n on input line 32.
LaTeX Font Info:    ... okay on input line 32.
LaTeX Font Info:    Checking defaults for U/cmr/m/n on input line 32.
LaTeX Font Info:    ... okay on input line 32.
LaTeX Font Info:    Checking defaults for LMP1/mtt/m/it on input line 32.
LaTeX Font Info:    ... okay on input line 32.
LaTeX Font Info:    Checking defaults for LMP2/mtt/m/n on input line 32.
LaTeX Font Info:    ... okay on input line 32.
LaTeX Font Info:    Checking defaults for LMP3/mtt/m/n on input line 32.
LaTeX Font Info:    ... okay on input line 32.
LaTeX Info: Redefining \microtypecontext on input line 32.
Package microtype Info: Generating PDF output.
Package microtype Info: Character protrusion enabled (level 2).
Package microtype Info: Using default protrusion set `alltext'.
Package microtype Info: Automatic font expansion enabled (level 2),
(microtype)             stretch: 20, shrink: 20, step: 1, non-selected.
Package microtype Info: Using default expansion set `alltext-nott'.
LaTeX Info: Redefining \showhyphens on input line 32.
Package microtype Info: No adjustment of tracking.
Package microtype Info: No adjustment of interword spacing.
Package microtype Info: No adjustment of character kerning.

(/usr/local/texlive/2021/texmf-dist/tex/latex/microtype/mt-ptm.cfg
File: mt-ptm.cfg 2006/04/20 v1.7 microtype config. file: Times (RS)
)
(/usr/local/texlive/2021/texmf-dist/tex/context/base/mkii/supp-pdf.mkii
[Loading MPS to PDF converter (version 2006.09.02).]
\scratchcounter=\count317
\scratchdimen=\dimen194
\scratchbox=\box68
\nofMPsegments=\count318
\nofMParguments=\count319
\everyMPshowfont=\toks36
\MPscratchCnt=\count320
\MPscratchDim=\dimen195
\MPnumerator=\count321
\makeMPintoPDFobject=\count322
\everyMPtoPDFconversion=\toks37
) (/usr/local/texlive/2021/texmf-dist/tex/latex/epstopdf-pkg/epstopdf-base.sty
Package: epstopdf-base 2020-01-24 v2.11 Base part for package epstopdf
Package epstopdf-base Info: Redefining graphics rule for `.eps' on input line 4
85.

(/usr/local/texlive/2021/texmf-dist/tex/latex/latexconfig/epstopdf-sys.cfg
File: epstopdf-sys.cfg 2010/07/13 v1.3 Configuration of (r)epstopdf for TeX Liv
e
))
\big@size=\dimen196

(/usr/local/texlive/2021/texmf-dist/tex/latex/fmtcount/fc-english.def
File: fc-english.def 2016/01/12
)
<../../info/icts.pdf, id=4, 1658.195pt x 582.175pt>
File: ../../info/icts.pdf Graphic file (type pdf)
<use ../../info/icts.pdf>
Package pdftex.def Info: ../../info/icts.pdf  used on input line 39.
(pdftex.def)             Requested size: 1658.19098pt x 582.17358pt.

Underfull \hbox (badness 10000) in paragraph at lines 48--50

 []

LaTeX Font Info:    Trying to load font information for OT1+phv on input line 5
3.
(/usr/local/texlive/2021/texmf-dist/tex/latex/psnfss/ot1phv.fd
File: ot1phv.fd 2020/03/25 scalable font definitions for OT1/phv.
)
Package microtype Info: Loading generic protrusion settings for font family
(microtype)             `phv' (encoding: OT1).
(microtype)             For optimal results, create family-specific settings.
(microtype)             See the microtype manual for details.
LaTeX Font Info:    Trying to load font information for LMP2+ptm on input line 
57.
LaTeX Font Info:    No file LMP2ptm.fd. on input line 57.
LaTeX Font Warning: Font shape `LMP2/ptm/m/n' undefined
(Font)              using `LMP2/mtt/m/n' instead
(Font)              for symbol `textbullet' on input line 57.
LaTeX Font Info:    Trying to load font information for U+msb on input line 62.


(/usr/local/texlive/2021/texmf-dist/tex/latex/amsfonts/umsb.fd
File: umsb.fd 2013/01/14 v3.01 AMS symbols B
)
(/usr/local/texlive/2021/texmf-dist/tex/latex/microtype/mt-msb.cfg
File: mt-msb.cfg 2005/06/01 v1.0 microtype config. file: AMS symbols (b) (RS)
) [1

{/usr/local/texlive/2021/texmf-var/fonts/map/pdftex/updmap/pdftex.map} <../../i
nfo/icts.pdf>]
<marsroverexample1-crop.pdf, id=26, 485.815pt x 94.3525pt>
File: marsroverexample1-crop.pdf Graphic file (type pdf)
<use marsroverexample1-crop.pdf>
Package pdftex.def Info: marsroverexample1-crop.pdf  used on input line 100.
(pdftex.def)             Requested size: 390.25946pt x 75.79306pt.
<moveright1-crop.pdf, id=27, 424.58624pt x 43.16125pt>
File: moveright1-crop.pdf Graphic file (type pdf)
<use moveright1-crop.pdf>
Package pdftex.def Info: moveright1-crop.pdf  used on input line 113.
(pdftex.def)             Requested size: 341.47424pt x 34.7141pt.
<moveleft1-crop.pdf, id=28, 427.5975pt x 51.19125pt>
File: moveleft1-crop.pdf Graphic file (type pdf)
<use moveleft1-crop.pdf>
Package pdftex.def Info: moveleft1-crop.pdf  used on input line 117.
(pdftex.def)             Requested size: 341.47424pt x 40.8804pt.
 [2 <./marsroverexample1-crop.pdf> <./moveright1-crop.pdf> <./moveleft1-crop.pd
f>] [3] (./RL-ICTS-cw1.aux)
LaTeX Font Warning: Some font shapes were not available, defaults substituted.
 ) 
Here is how much of TeX's memory you used:
 15892 strings out of 478994
 301752 string characters out of 5858184
 615661 words of memory out of 5000000
 32950 multiletter control sequences out of 15000+600000
 495072 words of font info for 151 fonts, out of 8000000 for 9000
 1141 hyphenation exceptions out of 8191
 87i,5n,89p,1010b,361s stack positions out of 5000i,500n,10000p,200000b,80000s
{/usr/local/texlive/2021/texmf-dist/fonts/enc/dvips/base/8r.enc}</usr/local/t
exlive/2021/texmf-dist/fonts/type1/public/amsfonts/cm/cmsy10.pfb></usr/local/te
xlive/2021/texmf-dist/fonts/type1/public/amsfonts/symbols/msbm10.pfb></usr/loca
l/texlive/texmf-local/fonts/type1/local/pctex/mtpro2/mt2exa.pfb></usr/local/tex
live/texmf-local/fonts/type1/local/pctex/mtpro2/mt2mif.pfb></usr/local/texlive/
texmf-local/fonts/type1/local/pctex/mtpro2/mt2mis.pfb></usr/local/texlive/texmf
-local/fonts/type1/local/pctex/mtpro2/mt2mit.pfb></usr/local/texlive/texmf-loca
l/fonts/type1/local/pctex/mtpro2/mt2sys.pfb></usr/local/texlive/texmf-local/fon
ts/type1/local/pctex/mtpro2/mt2syt.pfb></usr/local/texlive/2021/texmf-dist/font
s/type1/urw/helvetic/uhvb8a.pfb></usr/local/texlive/2021/texmf-dist/fonts/type1
/urw/times/utmb8a.pfb></usr/local/texlive/2021/texmf-dist/fonts/type1/urw/times
/utmr8a.pfb>
Output written on RL-ICTS-cw1.pdf (3 pages, 311305 bytes).
PDF statistics:
 104 PDF objects out of 1000 (max. 8388607)
 68 compressed objects within 1 object stream
 0 named destinations out of 1000 (max. 500000)
 28705 words of extra memory for PDF output out of 29859 (max. 10000000)

